
> gelvano@1.0.0 dev
> next dev

  ▲ Next.js 14.2.3
  - Local:        http://localhost:3000
  - Environments: .env

 ✓ Starting...
 ✓ Ready in 1314ms
 ○ Compiling / ...
 ✓ Compiled / in 3.3s (762 modules)
 GET / 200 in 3512ms
 ✓ Compiled in 436ms (382 modules)
 ○ Compiling /login ...
 ✓ Compiled /login in 613ms (779 modules)
 GET /login 200 in 710ms
 ✓ Compiled in 414ms (405 modules)
 ✓ Compiled in 467ms (391 modules)
 ✓ Compiled in 251ms (405 modules)
 ✓ Compiled in 513ms (391 modules)
 ✓ Compiled in 298ms (405 modules)
 ✓ Compiled in 373ms (405 modules)
 ✓ Compiled in 594ms (405 modules)
 ✓ Compiled in 455ms (405 modules)
 ✓ Compiled in 339ms (405 modules)
 ✓ Compiled in 447ms (405 modules)
 ✓ Compiled in 648ms (405 modules)
 ○ Compiling /api/settings ...
 ✓ Compiled /api/settings in 848ms (292 modules)
 GET /api/settings 200 in 968ms
